[examples/main.rs:14] &merkle.li = [
    HashDepth {
        hash: Hash(
            "eb896f431b7ff8acb4749b54981d461359a01ded0261fa0da856dd28bf29d3b3",
        ),
        depth: 10,
    },
    HashDepth {
        hash: Hash(
            "4a84cc85f03f47a7c32755f8d9d81c5d3f3e04548ee8129fd480cb71c7dbc5b4",
        ),
        depth: 10,
    },
    HashDepth {
        hash: Hash(
            "fbfe78e550b355cb6775e324c4fed7eb987084b115dca599aaf40056bfb031c3",
        ),
        depth: 10,
    },
    HashDepth {
        hash: Hash(
            "392878c3bdc9c315d6cc8a1721d8cd0a39e49ac8716f4cb8cdf6cf83fbb666f5",
        ),
        depth: 6,
    },
]
[examples/main.rs:15] merkle.blake3() = Hash(
    "74a79d0bc37dcac64c493e872252f19e8bdb32dee306481a6827fa037b378c76",
)
[examples/main.rs:16] blake3.finalize() = Hash(
    "74a79d0bc37dcac64c493e872252f19e8bdb32dee306481a6827fa037b378c76",
)
